2024-12-27T11:52:49.791+02:00  INFO 17844 --- [main] com.example.proiect.ProiectApplication   : Starting ProiectApplication using Java 17.0.10 with PID 17844 (C:\proiect\target\classes started by Vlad in C:\proiect)
2024-12-27T11:52:49.796+02:00  INFO 17844 --- [main] com.example.proiect.ProiectApplication   : No active profile set, falling back to 1 default profile: "default"
2024-12-27T11:52:50.528+02:00  INFO 17844 --- [main] .s.d.r.c.RepositoryConfigurationDelegate : Multiple Spring Data modules found, entering strict repository configuration mode
2024-12-27T11:52:50.529+02:00  INFO 17844 --- [main] .s.d.r.c.RepositoryConfigurationDelegate : Bootstrapping Spring Data JDBC repositories in DEFAULT mode.
2024-12-27T11:52:50.559+02:00  INFO 17844 --- [main] .RepositoryConfigurationExtensionSupport : Spring Data JDBC - Could not safely identify store assignment for repository candidate interface com.example.proiect.repository.EchipamentRepository; If you want this repository to be a JDBC repository, consider annotating your entities with one of these annotations: org.springframework.data.relational.core.mapping.Table.
2024-12-27T11:52:50.560+02:00  INFO 17844 --- [main] .RepositoryConfigurationExtensionSupport : Spring Data JDBC - Could not safely identify store assignment for repository candidate interface com.example.proiect.repository.FurnizorRepository; If you want this repository to be a JDBC repository, consider annotating your entities with one of these annotations: org.springframework.data.relational.core.mapping.Table.
2024-12-27T11:52:50.562+02:00  INFO 17844 --- [main] .RepositoryConfigurationExtensionSupport : Spring Data JDBC - Could not safely identify store assignment for repository candidate interface com.example.proiect.repository.SalaRepository; If you want this repository to be a JDBC repository, consider annotating your entities with one of these annotations: org.springframework.data.relational.core.mapping.Table.
2024-12-27T11:52:50.563+02:00  INFO 17844 --- [main] .RepositoryConfigurationExtensionSupport : Spring Data JDBC - Could not safely identify store assignment for repository candidate interface com.example.proiect.repository.UtilizatorRepository; If you want this repository to be a JDBC repository, consider annotating your entities with one of these annotations: org.springframework.data.relational.core.mapping.Table.
2024-12-27T11:52:50.564+02:00  INFO 17844 --- [main] .s.d.r.c.RepositoryConfigurationDelegate : Finished Spring Data repository scanning in 29 ms. Found 0 JDBC repository interfaces.
2024-12-27T11:52:50.576+02:00  INFO 17844 --- [main] .s.d.r.c.RepositoryConfigurationDelegate : Multiple Spring Data modules found, entering strict repository configuration mode
2024-12-27T11:52:50.577+02:00  INFO 17844 --- [main] .s.d.r.c.RepositoryConfigurationDelegate : Bootstrapping Spring Data JPA repositories in DEFAULT mode.
2024-12-27T11:52:50.604+02:00  INFO 17844 --- [main] .s.d.r.c.RepositoryConfigurationDelegate : Finished Spring Data repository scanning in 24 ms. Found 4 JPA repository interfaces.
2024-12-27T11:52:51.184+02:00  INFO 17844 --- [main] o.s.b.w.embedded.tomcat.TomcatWebServer  : Tomcat initialized with port 8080 (http)
2024-12-27T11:52:51.200+02:00  INFO 17844 --- [main] o.apache.catalina.core.StandardService   : Starting service [Tomcat]
2024-12-27T11:52:51.200+02:00  INFO 17844 --- [main] o.apache.catalina.core.StandardEngine    : Starting Servlet engine: [Apache Tomcat/10.1.34]
2024-12-27T11:52:51.278+02:00  INFO 17844 --- [main] o.a.c.c.C.[Tomcat].[localhost].[/]       : Initializing Spring embedded WebApplicationContext
2024-12-27T11:52:51.279+02:00  INFO 17844 --- [main] w.s.c.ServletWebServerApplicationContext : Root WebApplicationContext: initialization completed in 1441 ms
2024-12-27T11:52:51.440+02:00  INFO 17844 --- [main] o.hibernate.jpa.internal.util.LogHelper  : HHH000204: Processing PersistenceUnitInfo [name: default]
2024-12-27T11:52:51.522+02:00  INFO 17844 --- [main] org.hibernate.Version                    : HHH000412: Hibernate ORM core version 6.5.3.Final
2024-12-27T11:52:51.561+02:00  INFO 17844 --- [main] o.h.c.internal.RegionFactoryInitiator    : HHH000026: Second-level cache disabled
2024-12-27T11:52:51.865+02:00  INFO 17844 --- [main] o.s.o.j.p.SpringPersistenceUnitInfo      : No LoadTimeWeaver setup: ignoring JPA class transformer
2024-12-27T11:52:51.893+02:00  INFO 17844 --- [main] com.zaxxer.hikari.HikariDataSource       : HikariPool-1 - Starting...
2024-12-27T11:52:52.082+02:00  INFO 17844 --- [main] com.zaxxer.hikari.pool.HikariPool        : HikariPool-1 - Added connection com.mysql.cj.jdbc.ConnectionImpl@58e03769
2024-12-27T11:52:52.082+02:00  INFO 17844 --- [main] com.zaxxer.hikari.HikariDataSource       : HikariPool-1 - Start completed.
2024-12-27T11:52:52.131+02:00  WARN 17844 --- [main] org.hibernate.orm.deprecation            : HHH90000025: MySQL8Dialect does not need to be specified explicitly using 'hibernate.dialect' (remove the property setting and it will be selected by default)
2024-12-27T11:52:52.132+02:00  WARN 17844 --- [main] org.hibernate.orm.deprecation            : HHH90000026: MySQL8Dialect has been deprecated; use org.hibernate.dialect.MySQLDialect instead
2024-12-27T11:52:53.206+02:00  INFO 17844 --- [main] o.h.e.t.j.p.i.JtaPlatformInitiator       : HHH000489: No JTA platform available (set 'hibernate.transaction.jta.platform' to enable JTA platform integration)
2024-12-27T11:52:53.211+02:00  INFO 17844 --- [main] j.LocalContainerEntityManagerFactoryBean : Initialized JPA EntityManagerFactory for persistence unit 'default'
2024-12-27T11:52:53.631+02:00  WARN 17844 --- [main] JpaBaseConfiguration$JpaWebConfiguration : spring.jpa.open-in-view is enabled by default. Therefore, database queries may be performed during view rendering. Explicitly configure spring.jpa.open-in-view to disable this warning
2024-12-27T11:52:53.791+02:00 DEBUG 17844 --- [main] s.w.s.m.m.a.RequestMappingHandlerMapping : 23 mappings in 'requestMappingHandlerMapping'
2024-12-27T11:52:53.860+02:00 DEBUG 17844 --- [main] o.s.w.s.handler.SimpleUrlHandlerMapping  : Patterns [/webjars/**, /**] in 'resourceHandlerMapping'
2024-12-27T11:52:53.919+02:00 DEBUG 17844 --- [main] s.w.s.m.m.a.RequestMappingHandlerAdapter : ControllerAdvice beans: 0 @ModelAttribute, 0 @InitBinder, 1 RequestBodyAdvice, 1 ResponseBodyAdvice
2024-12-27T11:52:53.966+02:00 DEBUG 17844 --- [main] .m.m.a.ExceptionHandlerExceptionResolver : ControllerAdvice beans: 0 @ExceptionHandler, 1 ResponseBodyAdvice
2024-12-27T11:52:54.290+02:00  INFO 17844 --- [main] o.s.b.w.embedded.tomcat.TomcatWebServer  : Tomcat started on port 8080 (http) with context path '/'
2024-12-27T11:52:54.300+02:00  INFO 17844 --- [main] com.example.proiect.ProiectApplication   : Started ProiectApplication in 4.909 seconds (process running for 6.944)
2024-12-27T11:53:01.468+02:00  INFO 17844 --- [http-nio-8080-exec-1] o.a.c.c.C.[Tomcat].[localhost].[/]       : Initializing Spring DispatcherServlet 'dispatcherServlet'
2024-12-27T11:53:01.468+02:00  INFO 17844 --- [http-nio-8080-exec-1] o.s.web.servlet.DispatcherServlet        : Initializing Servlet 'dispatcherServlet'
2024-12-27T11:53:01.469+02:00 DEBUG 17844 --- [http-nio-8080-exec-1] o.s.web.servlet.DispatcherServlet        : Detected StandardServletMultipartResolver
2024-12-27T11:53:01.469+02:00 DEBUG 17844 --- [http-nio-8080-exec-1] o.s.web.servlet.DispatcherServlet        : Detected AcceptHeaderLocaleResolver
2024-12-27T11:53:01.469+02:00 DEBUG 17844 --- [http-nio-8080-exec-1] o.s.web.servlet.DispatcherServlet        : Detected FixedThemeResolver
2024-12-27T11:53:01.470+02:00 DEBUG 17844 --- [http-nio-8080-exec-1] o.s.web.servlet.DispatcherServlet        : Detected org.springframework.web.servlet.view.DefaultRequestToViewNameTranslator@52b32622
2024-12-27T11:53:01.471+02:00 DEBUG 17844 --- [http-nio-8080-exec-1] o.s.web.servlet.DispatcherServlet        : Detected org.springframework.web.servlet.support.SessionFlashMapManager@5ab3f611
2024-12-27T11:53:01.471+02:00 DEBUG 17844 --- [http-nio-8080-exec-1] o.s.web.servlet.DispatcherServlet        : enableLoggingRequestDetails='false': request parameters and headers will be masked to prevent unsafe logging of potentially sensitive data
2024-12-27T11:53:01.472+02:00  INFO 17844 --- [http-nio-8080-exec-1] o.s.web.servlet.DispatcherServlet        : Completed initialization in 2 ms
2024-12-27T11:53:01.486+02:00 DEBUG 17844 --- [http-nio-8080-exec-1] o.s.web.servlet.DispatcherServlet        : GET "/", parameters={}
2024-12-27T11:53:01.503+02:00 DEBUG 17844 --- [http-nio-8080-exec-1] s.w.s.m.m.a.RequestMappingHandlerMapping : Mapped to com.example.proiect.controller.HomeController#home()
2024-12-27T11:53:01.534+02:00 DEBUG 17844 --- [http-nio-8080-exec-1] o.s.w.s.v.ContentNegotiatingViewResolver : Selected 'text/html' given [text/html, application/xhtml+xml, image/avif, image/webp, image/apng, application/xml;q=0.9, */*;q=0.8, application/signed-exchange;v=b3;q=0.7]
2024-12-27T11:53:01.802+02:00 DEBUG 17844 --- [http-nio-8080-exec-1] o.s.web.servlet.DispatcherServlet        : Completed 200 OK
2024-12-27T11:53:01.849+02:00 DEBUG 17844 --- [http-nio-8080-exec-3] o.s.web.servlet.DispatcherServlet        : GET "/api/echipamente", parameters={}
2024-12-27T11:53:01.849+02:00 DEBUG 17844 --- [http-nio-8080-exec-5] o.s.web.servlet.DispatcherServlet        : GET "/api/utilizatori", parameters={}
2024-12-27T11:53:01.849+02:00 DEBUG 17844 --- [http-nio-8080-exec-2] o.s.web.servlet.DispatcherServlet        : GET "/api/sala", parameters={}
2024-12-27T11:53:01.849+02:00 DEBUG 17844 --- [http-nio-8080-exec-6] o.s.web.servlet.DispatcherServlet        : GET "/favicon.ico", parameters={}
2024-12-27T11:53:01.849+02:00 DEBUG 17844 --- [http-nio-8080-exec-4] o.s.web.servlet.DispatcherServlet        : GET "/api/furnizori", parameters={}
2024-12-27T11:53:01.850+02:00 DEBUG 17844 --- [http-nio-8080-exec-3] s.w.s.m.m.a.RequestMappingHandlerMapping : Mapped to com.example.proiect.controller.EchipamentController#getAllEchipamente()
2024-12-27T11:53:01.850+02:00 DEBUG 17844 --- [http-nio-8080-exec-5] s.w.s.m.m.a.RequestMappingHandlerMapping : Mapped to com.example.proiect.controller.UtilizatorController#getAllUtilizatori()
2024-12-27T11:53:01.850+02:00 DEBUG 17844 --- [http-nio-8080-exec-2] s.w.s.m.m.a.RequestMappingHandlerMapping : Mapped to com.example.proiect.controller.SalaController#getAllSale()
2024-12-27T11:53:01.850+02:00 DEBUG 17844 --- [http-nio-8080-exec-4] s.w.s.m.m.a.RequestMappingHandlerMapping : Mapped to com.example.proiect.controller.FurnizorController#getAllFurnizori()
2024-12-27T11:53:01.855+02:00 DEBUG 17844 --- [http-nio-8080-exec-6] o.s.w.s.handler.SimpleUrlHandlerMapping  : Mapped to ResourceHttpRequestHandler [classpath [META-INF/resources/], classpath [resources/], classpath [static/], classpath [public/], ServletContext [/]]
2024-12-27T11:53:01.859+02:00 DEBUG 17844 --- [http-nio-8080-exec-6] o.s.w.s.r.ResourceHttpRequestHandler     : Resource not found
2024-12-27T11:53:01.867+02:00 DEBUG 17844 --- [http-nio-8080-exec-6] .w.s.m.s.DefaultHandlerExceptionResolver : Resolved [org.springframework.web.servlet.resource.NoResourceFoundException: No static resource favicon.ico.]
2024-12-27T11:53:01.867+02:00 DEBUG 17844 --- [http-nio-8080-exec-6] o.s.web.servlet.DispatcherServlet        : Completed 404 NOT_FOUND
2024-12-27T11:53:01.875+02:00 DEBUG 17844 --- [http-nio-8080-exec-6] o.s.web.servlet.DispatcherServlet        : "ERROR" dispatch for GET "/error", parameters={}
2024-12-27T11:53:01.877+02:00 DEBUG 17844 --- [http-nio-8080-exec-6] s.w.s.m.m.a.RequestMappingHandlerMapping : Mapped to org.springframework.boot.autoconfigure.web.servlet.error.BasicErrorController#error(HttpServletRequest)
2024-12-27T11:53:01.902+02:00 DEBUG 17844 --- [http-nio-8080-exec-6] o.s.w.s.m.m.a.HttpEntityMethodProcessor  : Using 'application/json;q=0.8', given [image/avif, image/webp, image/apng, image/svg+xml, image/*, */*;q=0.8] and supported [application/json, application/*+json]
2024-12-27T11:53:01.906+02:00 DEBUG 17844 --- [http-nio-8080-exec-6] o.s.w.s.m.m.a.HttpEntityMethodProcessor  : Writing [{timestamp=Fri Dec 27 11:53:01 EET 2024, status=404, error=Not Found, path=/favicon.ico}]
2024-12-27T11:53:01.965+02:00 DEBUG 17844 --- [http-nio-8080-exec-6] o.s.web.servlet.DispatcherServlet        : Exiting from "ERROR" dispatch, status 404
2024-12-27T11:53:02.052+02:00 DEBUG 17844 --- [http-nio-8080-exec-4] org.hibernate.SQL                        : 
    [34mselect[0m
        f1_0.furnizor_id,
        f1_0.adresa,
        f1_0.nume,
        f1_0.telefon 
    [34mfrom[0m
        furnizor f1_0
2024-12-27T11:53:02.052+02:00 DEBUG 17844 --- [http-nio-8080-exec-3] org.hibernate.SQL                        : 
    [34mselect[0m
        e1_0.echipament_id,
        e1_0.nume 
    [34mfrom[0m
        echipament e1_0
2024-12-27T11:53:02.052+02:00 DEBUG 17844 --- [http-nio-8080-exec-5] org.hibernate.SQL                        : 
    [34mselect[0m
        u1_0.utilizator_id,
        u1_0.nume,
        u1_0.tip_utilizator 
    [34mfrom[0m
        utilizator u1_0
2024-12-27T11:53:02.052+02:00 DEBUG 17844 --- [http-nio-8080-exec-2] org.hibernate.SQL                        : 
    [34mselect[0m
        s1_0.sala_id,
        s1_0.capacitate,
        s1_0.nume 
    [34mfrom[0m
        sala s1_0
2024-12-27T11:53:02.105+02:00 DEBUG 17844 --- [http-nio-8080-exec-2] m.m.a.RequestResponseBodyMethodProcessor : Using 'application/json', given [*/*] and supported [application/json, application/*+json]
2024-12-27T11:53:02.105+02:00 DEBUG 17844 --- [http-nio-8080-exec-3] m.m.a.RequestResponseBodyMethodProcessor : Using 'application/json', given [*/*] and supported [application/json, application/*+json]
2024-12-27T11:53:02.105+02:00 DEBUG 17844 --- [http-nio-8080-exec-4] m.m.a.RequestResponseBodyMethodProcessor : Using 'application/json', given [*/*] and supported [application/json, application/*+json]
2024-12-27T11:53:02.105+02:00 DEBUG 17844 --- [http-nio-8080-exec-5] m.m.a.RequestResponseBodyMethodProcessor : Using 'application/json', given [*/*] and supported [application/json, application/*+json]
2024-12-27T11:53:02.105+02:00 DEBUG 17844 --- [http-nio-8080-exec-3] m.m.a.RequestResponseBodyMethodProcessor : Writing [[com.example.proiect.model.Echipament@4603dbb4, com.example.proiect.model.Echipament@5fe4e1ae, com.e (truncated)...]
2024-12-27T11:53:02.105+02:00 DEBUG 17844 --- [http-nio-8080-exec-5] m.m.a.RequestResponseBodyMethodProcessor : Writing [[com.example.proiect.model.Utilizator@3f2a05e2, com.example.proiect.model.Utilizator@77d32a5e, com.e (truncated)...]
2024-12-27T11:53:02.105+02:00 DEBUG 17844 --- [http-nio-8080-exec-2] m.m.a.RequestResponseBodyMethodProcessor : Writing [[com.example.proiect.model.Sala@1a5f256a, com.example.proiect.model.Sala@5e012b07, com.example.proie (truncated)...]
2024-12-27T11:53:02.105+02:00 DEBUG 17844 --- [http-nio-8080-exec-4] m.m.a.RequestResponseBodyMethodProcessor : Writing [[com.example.proiect.model.Furnizor@310cc01f, com.example.proiect.model.Furnizor@4e31b13e, com.examp (truncated)...]
2024-12-27T11:53:02.120+02:00 DEBUG 17844 --- [http-nio-8080-exec-4] o.s.web.servlet.DispatcherServlet        : Completed 200 OK
2024-12-27T11:53:02.120+02:00 DEBUG 17844 --- [http-nio-8080-exec-3] o.s.web.servlet.DispatcherServlet        : Completed 200 OK
2024-12-27T11:53:02.120+02:00 DEBUG 17844 --- [http-nio-8080-exec-2] o.s.web.servlet.DispatcherServlet        : Completed 200 OK
2024-12-27T11:53:02.120+02:00 DEBUG 17844 --- [http-nio-8080-exec-5] o.s.web.servlet.DispatcherServlet        : Completed 200 OK
2024-12-27T11:53:16.164+02:00 DEBUG 17844 --- [http-nio-8080-exec-7] o.s.web.servlet.DispatcherServlet        : POST "/api/sala", parameters={}
2024-12-27T11:53:16.165+02:00 DEBUG 17844 --- [http-nio-8080-exec-7] s.w.s.m.m.a.RequestMappingHandlerMapping : Mapped to com.example.proiect.controller.SalaController#addSala(Sala)
2024-12-27T11:53:16.215+02:00 DEBUG 17844 --- [http-nio-8080-exec-7] m.m.a.RequestResponseBodyMethodProcessor : Read "application/json;charset=UTF-8" to [com.example.proiect.model.Sala@163da1eb]
2024-12-27T11:53:16.246+02:00 DEBUG 17844 --- [http-nio-8080-exec-7] org.hibernate.SQL                        : 
    [34minsert[0m 
    [34minto[0m
        sala
        (capacitate, nume) 
    [34mvalues[0m
        (?, ?)
2024-12-27T11:53:16.276+02:00 DEBUG 17844 --- [http-nio-8080-exec-7] o.s.w.s.m.m.a.HttpEntityMethodProcessor  : Using 'application/json', given [*/*] and supported [application/json, application/*+json]
2024-12-27T11:53:16.277+02:00 DEBUG 17844 --- [http-nio-8080-exec-7] o.s.w.s.m.m.a.HttpEntityMethodProcessor  : Writing [com.example.proiect.model.Sala@163da1eb]
2024-12-27T11:53:16.278+02:00 DEBUG 17844 --- [http-nio-8080-exec-7] o.s.web.servlet.DispatcherServlet        : Completed 201 CREATED
2024-12-27T11:53:16.281+02:00 DEBUG 17844 --- [http-nio-8080-exec-10] o.s.web.servlet.DispatcherServlet        : GET "/api/echipamente", parameters={}
2024-12-27T11:53:16.281+02:00 DEBUG 17844 --- [http-nio-8080-exec-1] o.s.web.servlet.DispatcherServlet        : GET "/api/utilizatori", parameters={}
2024-12-27T11:53:16.281+02:00 DEBUG 17844 --- [http-nio-8080-exec-8] o.s.web.servlet.DispatcherServlet        : GET "/api/sala", parameters={}
2024-12-27T11:53:16.281+02:00 DEBUG 17844 --- [http-nio-8080-exec-9] o.s.web.servlet.DispatcherServlet        : GET "/api/furnizori", parameters={}
2024-12-27T11:53:16.282+02:00 DEBUG 17844 --- [http-nio-8080-exec-10] s.w.s.m.m.a.RequestMappingHandlerMapping : Mapped to com.example.proiect.controller.EchipamentController#getAllEchipamente()
2024-12-27T11:53:16.282+02:00 DEBUG 17844 --- [http-nio-8080-exec-9] s.w.s.m.m.a.RequestMappingHandlerMapping : Mapped to com.example.proiect.controller.FurnizorController#getAllFurnizori()
2024-12-27T11:53:16.282+02:00 DEBUG 17844 --- [http-nio-8080-exec-1] s.w.s.m.m.a.RequestMappingHandlerMapping : Mapped to com.example.proiect.controller.UtilizatorController#getAllUtilizatori()
2024-12-27T11:53:16.282+02:00 DEBUG 17844 --- [http-nio-8080-exec-8] s.w.s.m.m.a.RequestMappingHandlerMapping : Mapped to com.example.proiect.controller.SalaController#getAllSale()
2024-12-27T11:53:16.284+02:00 DEBUG 17844 --- [http-nio-8080-exec-1] org.hibernate.SQL                        : 
    [34mselect[0m
        u1_0.utilizator_id,
        u1_0.nume,
        u1_0.tip_utilizator 
    [34mfrom[0m
        utilizator u1_0
2024-12-27T11:53:16.284+02:00 DEBUG 17844 --- [http-nio-8080-exec-10] org.hibernate.SQL                        : 
    [34mselect[0m
        e1_0.echipament_id,
        e1_0.nume 
    [34mfrom[0m
        echipament e1_0
2024-12-27T11:53:16.284+02:00 DEBUG 17844 --- [http-nio-8080-exec-8] org.hibernate.SQL                        : 
    [34mselect[0m
        s1_0.sala_id,
        s1_0.capacitate,
        s1_0.nume 
    [34mfrom[0m
        sala s1_0
2024-12-27T11:53:16.284+02:00 DEBUG 17844 --- [http-nio-8080-exec-9] org.hibernate.SQL                        : 
    [34mselect[0m
        f1_0.furnizor_id,
        f1_0.adresa,
        f1_0.nume,
        f1_0.telefon 
    [34mfrom[0m
        furnizor f1_0
2024-12-27T11:53:16.287+02:00 DEBUG 17844 --- [http-nio-8080-exec-10] m.m.a.RequestResponseBodyMethodProcessor : Using 'application/json', given [*/*] and supported [application/json, application/*+json]
2024-12-27T11:53:16.287+02:00 DEBUG 17844 --- [http-nio-8080-exec-1] m.m.a.RequestResponseBodyMethodProcessor : Using 'application/json', given [*/*] and supported [application/json, application/*+json]
2024-12-27T11:53:16.287+02:00 DEBUG 17844 --- [http-nio-8080-exec-9] m.m.a.RequestResponseBodyMethodProcessor : Using 'application/json', given [*/*] and supported [application/json, application/*+json]
2024-12-27T11:53:16.288+02:00 DEBUG 17844 --- [http-nio-8080-exec-8] m.m.a.RequestResponseBodyMethodProcessor : Using 'application/json', given [*/*] and supported [application/json, application/*+json]
2024-12-27T11:53:16.288+02:00 DEBUG 17844 --- [http-nio-8080-exec-10] m.m.a.RequestResponseBodyMethodProcessor : Writing [[com.example.proiect.model.Echipament@704eff60, com.example.proiect.model.Echipament@5c72418a, com.e (truncated)...]
2024-12-27T11:53:16.288+02:00 DEBUG 17844 --- [http-nio-8080-exec-9] m.m.a.RequestResponseBodyMethodProcessor : Writing [[com.example.proiect.model.Furnizor@66d5e77f, com.example.proiect.model.Furnizor@48df25c9, com.examp (truncated)...]
2024-12-27T11:53:16.288+02:00 DEBUG 17844 --- [http-nio-8080-exec-8] m.m.a.RequestResponseBodyMethodProcessor : Writing [[com.example.proiect.model.Sala@60c8e52, com.example.proiect.model.Sala@f32bee, com.example.proiect. (truncated)...]
2024-12-27T11:53:16.288+02:00 DEBUG 17844 --- [http-nio-8080-exec-1] m.m.a.RequestResponseBodyMethodProcessor : Writing [[com.example.proiect.model.Utilizator@7a58cd3e, com.example.proiect.model.Utilizator@18010c0e, com.e (truncated)...]
2024-12-27T11:53:16.290+02:00 DEBUG 17844 --- [http-nio-8080-exec-10] o.s.web.servlet.DispatcherServlet        : Completed 200 OK
2024-12-27T11:53:16.290+02:00 DEBUG 17844 --- [http-nio-8080-exec-1] o.s.web.servlet.DispatcherServlet        : Completed 200 OK
2024-12-27T11:53:16.290+02:00 DEBUG 17844 --- [http-nio-8080-exec-8] o.s.web.servlet.DispatcherServlet        : Completed 200 OK
2024-12-27T11:53:16.290+02:00 DEBUG 17844 --- [http-nio-8080-exec-9] o.s.web.servlet.DispatcherServlet        : Completed 200 OK
2024-12-27T11:53:21.572+02:00 DEBUG 17844 --- [http-nio-8080-exec-6] o.s.web.servlet.DispatcherServlet        : DELETE "/api/sala/20", parameters={}
2024-12-27T11:53:21.573+02:00 DEBUG 17844 --- [http-nio-8080-exec-6] s.w.s.m.m.a.RequestMappingHandlerMapping : Mapped to com.example.proiect.controller.SalaController#deleteSala(Integer)
2024-12-27T11:53:21.588+02:00 DEBUG 17844 --- [http-nio-8080-exec-6] org.hibernate.SQL                        : 
    [34mselect[0m
        s1_0.sala_id,
        s1_0.capacitate,
        s1_0.nume 
    [34mfrom[0m
        sala s1_0 
    [34mwhere[0m
        s1_0.sala_id=?
2024-12-27T11:53:21.601+02:00 DEBUG 17844 --- [http-nio-8080-exec-6] org.hibernate.SQL                        : 
    [34mdelete[0m 
    [34mfrom[0m
        sala 
    [34mwhere[0m
        sala_id=?
2024-12-27T11:53:21.608+02:00 DEBUG 17844 --- [http-nio-8080-exec-6] o.s.w.s.m.m.a.HttpEntityMethodProcessor  : Using 'application/json', given [*/*] and supported [application/json, application/*+json]
2024-12-27T11:53:21.608+02:00 DEBUG 17844 --- [http-nio-8080-exec-6] o.s.w.s.m.m.a.HttpEntityMethodProcessor  : Nothing to write: null body
2024-12-27T11:53:21.609+02:00 DEBUG 17844 --- [http-nio-8080-exec-6] o.s.web.servlet.DispatcherServlet        : Completed 204 NO_CONTENT
2024-12-27T11:53:21.613+02:00 DEBUG 17844 --- [http-nio-8080-exec-2] o.s.web.servlet.DispatcherServlet        : GET "/api/furnizori", parameters={}
2024-12-27T11:53:21.613+02:00 DEBUG 17844 --- [http-nio-8080-exec-3] o.s.web.servlet.DispatcherServlet        : GET "/api/sala", parameters={}
2024-12-27T11:53:21.613+02:00 DEBUG 17844 --- [http-nio-8080-exec-4] o.s.web.servlet.DispatcherServlet        : GET "/api/utilizatori", parameters={}
2024-12-27T11:53:21.613+02:00 DEBUG 17844 --- [http-nio-8080-exec-5] o.s.web.servlet.DispatcherServlet        : GET "/api/echipamente", parameters={}
2024-12-27T11:53:21.613+02:00 DEBUG 17844 --- [http-nio-8080-exec-2] s.w.s.m.m.a.RequestMappingHandlerMapping : Mapped to com.example.proiect.controller.FurnizorController#getAllFurnizori()
2024-12-27T11:53:21.613+02:00 DEBUG 17844 --- [http-nio-8080-exec-3] s.w.s.m.m.a.RequestMappingHandlerMapping : Mapped to com.example.proiect.controller.SalaController#getAllSale()
2024-12-27T11:53:21.613+02:00 DEBUG 17844 --- [http-nio-8080-exec-4] s.w.s.m.m.a.RequestMappingHandlerMapping : Mapped to com.example.proiect.controller.UtilizatorController#getAllUtilizatori()
2024-12-27T11:53:21.613+02:00 DEBUG 17844 --- [http-nio-8080-exec-5] s.w.s.m.m.a.RequestMappingHandlerMapping : Mapped to com.example.proiect.controller.EchipamentController#getAllEchipamente()
2024-12-27T11:53:21.615+02:00 DEBUG 17844 --- [http-nio-8080-exec-5] org.hibernate.SQL                        : 
    [34mselect[0m
        e1_0.echipament_id,
        e1_0.nume 
    [34mfrom[0m
        echipament e1_0
2024-12-27T11:53:21.615+02:00 DEBUG 17844 --- [http-nio-8080-exec-2] org.hibernate.SQL                        : 
    [34mselect[0m
        f1_0.furnizor_id,
        f1_0.adresa,
        f1_0.nume,
        f1_0.telefon 
    [34mfrom[0m
        furnizor f1_0
2024-12-27T11:53:21.615+02:00 DEBUG 17844 --- [http-nio-8080-exec-3] org.hibernate.SQL                        : 
    [34mselect[0m
        s1_0.sala_id,
        s1_0.capacitate,
        s1_0.nume 
    [34mfrom[0m
        sala s1_0
2024-12-27T11:53:21.615+02:00 DEBUG 17844 --- [http-nio-8080-exec-4] org.hibernate.SQL                        : 
    [34mselect[0m
        u1_0.utilizator_id,
        u1_0.nume,
        u1_0.tip_utilizator 
    [34mfrom[0m
        utilizator u1_0
2024-12-27T11:53:21.619+02:00 DEBUG 17844 --- [http-nio-8080-exec-4] m.m.a.RequestResponseBodyMethodProcessor : Using 'application/json', given [*/*] and supported [application/json, application/*+json]
2024-12-27T11:53:21.619+02:00 DEBUG 17844 --- [http-nio-8080-exec-2] m.m.a.RequestResponseBodyMethodProcessor : Using 'application/json', given [*/*] and supported [application/json, application/*+json]
2024-12-27T11:53:21.619+02:00 DEBUG 17844 --- [http-nio-8080-exec-5] m.m.a.RequestResponseBodyMethodProcessor : Using 'application/json', given [*/*] and supported [application/json, application/*+json]
2024-12-27T11:53:21.619+02:00 DEBUG 17844 --- [http-nio-8080-exec-3] m.m.a.RequestResponseBodyMethodProcessor : Using 'application/json', given [*/*] and supported [application/json, application/*+json]
2024-12-27T11:53:21.619+02:00 DEBUG 17844 --- [http-nio-8080-exec-4] m.m.a.RequestResponseBodyMethodProcessor : Writing [[com.example.proiect.model.Utilizator@652da520, com.example.proiect.model.Utilizator@5cf9649f, com.e (truncated)...]
2024-12-27T11:53:21.619+02:00 DEBUG 17844 --- [http-nio-8080-exec-3] m.m.a.RequestResponseBodyMethodProcessor : Writing [[com.example.proiect.model.Sala@5ad04188, com.example.proiect.model.Sala@1fed194, com.example.proiec (truncated)...]
2024-12-27T11:53:21.619+02:00 DEBUG 17844 --- [http-nio-8080-exec-2] m.m.a.RequestResponseBodyMethodProcessor : Writing [[com.example.proiect.model.Furnizor@266b806c, com.example.proiect.model.Furnizor@48f07917, com.examp (truncated)...]
2024-12-27T11:53:21.619+02:00 DEBUG 17844 --- [http-nio-8080-exec-5] m.m.a.RequestResponseBodyMethodProcessor : Writing [[com.example.proiect.model.Echipament@3a7cf9c9, com.example.proiect.model.Echipament@5d201170, com.e (truncated)...]
2024-12-27T11:53:21.619+02:00 DEBUG 17844 --- [http-nio-8080-exec-4] o.s.web.servlet.DispatcherServlet        : Completed 200 OK
2024-12-27T11:53:21.620+02:00 DEBUG 17844 --- [http-nio-8080-exec-3] o.s.web.servlet.DispatcherServlet        : Completed 200 OK
2024-12-27T11:53:21.620+02:00 DEBUG 17844 --- [http-nio-8080-exec-2] o.s.web.servlet.DispatcherServlet        : Completed 200 OK
2024-12-27T11:53:21.620+02:00 DEBUG 17844 --- [http-nio-8080-exec-5] o.s.web.servlet.DispatcherServlet        : Completed 200 OK
2024-12-27T11:53:26.823+02:00 DEBUG 17844 --- [http-nio-8080-exec-7] o.s.web.servlet.DispatcherServlet        : POST "/api/echipamente", parameters={}
2024-12-27T11:53:26.824+02:00 DEBUG 17844 --- [http-nio-8080-exec-7] s.w.s.m.m.a.RequestMappingHandlerMapping : Mapped to com.example.proiect.controller.EchipamentController#addEchipament(Echipament)
2024-12-27T11:53:26.825+02:00 DEBUG 17844 --- [http-nio-8080-exec-7] m.m.a.RequestResponseBodyMethodProcessor : Read "application/json;charset=UTF-8" to [com.example.proiect.model.Echipament@6fb45a18]
2024-12-27T11:53:26.827+02:00 DEBUG 17844 --- [http-nio-8080-exec-7] org.hibernate.SQL                        : 
    [34minsert[0m 
    [34minto[0m
        echipament
        (nume) 
    [34mvalues[0m
        (?)
2024-12-27T11:53:26.838+02:00 DEBUG 17844 --- [http-nio-8080-exec-7] o.s.w.s.m.m.a.HttpEntityMethodProcessor  : Using 'application/json', given [*/*] and supported [application/json, application/*+json]
2024-12-27T11:53:26.838+02:00 DEBUG 17844 --- [http-nio-8080-exec-7] o.s.w.s.m.m.a.HttpEntityMethodProcessor  : Writing [com.example.proiect.model.Echipament@6fb45a18]
2024-12-27T11:53:26.839+02:00 DEBUG 17844 --- [http-nio-8080-exec-7] o.s.web.servlet.DispatcherServlet        : Completed 201 CREATED
2024-12-27T11:53:26.842+02:00 DEBUG 17844 --- [http-nio-8080-exec-1] o.s.web.servlet.DispatcherServlet        : GET "/api/sala", parameters={}
2024-12-27T11:53:26.842+02:00 DEBUG 17844 --- [http-nio-8080-exec-10] o.s.web.servlet.DispatcherServlet        : GET "/api/furnizori", parameters={}
2024-12-27T11:53:26.842+02:00 DEBUG 17844 --- [http-nio-8080-exec-9] o.s.web.servlet.DispatcherServlet        : GET "/api/utilizatori", parameters={}
2024-12-27T11:53:26.842+02:00 DEBUG 17844 --- [http-nio-8080-exec-8] o.s.web.servlet.DispatcherServlet        : GET "/api/echipamente", parameters={}
2024-12-27T11:53:26.842+02:00 DEBUG 17844 --- [http-nio-8080-exec-1] s.w.s.m.m.a.RequestMappingHandlerMapping : Mapped to com.example.proiect.controller.SalaController#getAllSale()
2024-12-27T11:53:26.842+02:00 DEBUG 17844 --- [http-nio-8080-exec-9] s.w.s.m.m.a.RequestMappingHandlerMapping : Mapped to com.example.proiect.controller.UtilizatorController#getAllUtilizatori()
2024-12-27T11:53:26.842+02:00 DEBUG 17844 --- [http-nio-8080-exec-10] s.w.s.m.m.a.RequestMappingHandlerMapping : Mapped to com.example.proiect.controller.FurnizorController#getAllFurnizori()
2024-12-27T11:53:26.842+02:00 DEBUG 17844 --- [http-nio-8080-exec-8] s.w.s.m.m.a.RequestMappingHandlerMapping : Mapped to com.example.proiect.controller.EchipamentController#getAllEchipamente()
2024-12-27T11:53:26.844+02:00 DEBUG 17844 --- [http-nio-8080-exec-8] org.hibernate.SQL                        : 
    [34mselect[0m
        e1_0.echipament_id,
        e1_0.nume 
    [34mfrom[0m
        echipament e1_0
2024-12-27T11:53:26.844+02:00 DEBUG 17844 --- [http-nio-8080-exec-1] org.hibernate.SQL                        : 
    [34mselect[0m
        s1_0.sala_id,
        s1_0.capacitate,
        s1_0.nume 
    [34mfrom[0m
        sala s1_0
2024-12-27T11:53:26.844+02:00 DEBUG 17844 --- [http-nio-8080-exec-10] org.hibernate.SQL                        : 
    [34mselect[0m
        f1_0.furnizor_id,
        f1_0.adresa,
        f1_0.nume,
        f1_0.telefon 
    [34mfrom[0m
        furnizor f1_0
2024-12-27T11:53:26.844+02:00 DEBUG 17844 --- [http-nio-8080-exec-9] org.hibernate.SQL                        : 
    [34mselect[0m
        u1_0.utilizator_id,
        u1_0.nume,
        u1_0.tip_utilizator 
    [34mfrom[0m
        utilizator u1_0
2024-12-27T11:53:26.847+02:00 DEBUG 17844 --- [http-nio-8080-exec-10] m.m.a.RequestResponseBodyMethodProcessor : Using 'application/json', given [*/*] and supported [application/json, application/*+json]
2024-12-27T11:53:26.847+02:00 DEBUG 17844 --- [http-nio-8080-exec-1] m.m.a.RequestResponseBodyMethodProcessor : Using 'application/json', given [*/*] and supported [application/json, application/*+json]
2024-12-27T11:53:26.847+02:00 DEBUG 17844 --- [http-nio-8080-exec-9] m.m.a.RequestResponseBodyMethodProcessor : Using 'application/json', given [*/*] and supported [application/json, application/*+json]
2024-12-27T11:53:26.847+02:00 DEBUG 17844 --- [http-nio-8080-exec-8] m.m.a.RequestResponseBodyMethodProcessor : Using 'application/json', given [*/*] and supported [application/json, application/*+json]
2024-12-27T11:53:26.848+02:00 DEBUG 17844 --- [http-nio-8080-exec-1] m.m.a.RequestResponseBodyMethodProcessor : Writing [[com.example.proiect.model.Sala@21d9bf9a, com.example.proiect.model.Sala@655c9ab3, com.example.proie (truncated)...]
2024-12-27T11:53:26.848+02:00 DEBUG 17844 --- [http-nio-8080-exec-9] m.m.a.RequestResponseBodyMethodProcessor : Writing [[com.example.proiect.model.Utilizator@39a843e5, com.example.proiect.model.Utilizator@ca59a03, com.ex (truncated)...]
2024-12-27T11:53:26.848+02:00 DEBUG 17844 --- [http-nio-8080-exec-10] m.m.a.RequestResponseBodyMethodProcessor : Writing [[com.example.proiect.model.Furnizor@33da9b70, com.example.proiect.model.Furnizor@2743d95c, com.examp (truncated)...]
2024-12-27T11:53:26.848+02:00 DEBUG 17844 --- [http-nio-8080-exec-8] m.m.a.RequestResponseBodyMethodProcessor : Writing [[com.example.proiect.model.Echipament@67b48f45, com.example.proiect.model.Echipament@a92316e, com.ex (truncated)...]
2024-12-27T11:53:26.849+02:00 DEBUG 17844 --- [http-nio-8080-exec-1] o.s.web.servlet.DispatcherServlet        : Completed 200 OK
2024-12-27T11:53:26.849+02:00 DEBUG 17844 --- [http-nio-8080-exec-9] o.s.web.servlet.DispatcherServlet        : Completed 200 OK
2024-12-27T11:53:26.849+02:00 DEBUG 17844 --- [http-nio-8080-exec-10] o.s.web.servlet.DispatcherServlet        : Completed 200 OK
2024-12-27T11:53:26.849+02:00 DEBUG 17844 --- [http-nio-8080-exec-8] o.s.web.servlet.DispatcherServlet        : Completed 200 OK
2024-12-27T11:53:32.988+02:00 DEBUG 17844 --- [http-nio-8080-exec-6] o.s.web.servlet.DispatcherServlet        : PUT "/api/echipamente/34", parameters={}
2024-12-27T11:53:32.989+02:00 DEBUG 17844 --- [http-nio-8080-exec-6] s.w.s.m.m.a.RequestMappingHandlerMapping : Mapped to com.example.proiect.controller.EchipamentController#updateEchipament(Integer, Echipament)
2024-12-27T11:53:32.991+02:00 DEBUG 17844 --- [http-nio-8080-exec-6] m.m.a.RequestResponseBodyMethodProcessor : Read "application/json;charset=UTF-8" to [com.example.proiect.model.Echipament@53e8023f]
2024-12-27T11:53:32.993+02:00 DEBUG 17844 --- [http-nio-8080-exec-6] org.hibernate.SQL                        : 
    [34mselect[0m
        e1_0.echipament_id,
        e1_0.nume 
    [34mfrom[0m
        echipament e1_0 
    [34mwhere[0m
        e1_0.echipament_id=?
2024-12-27T11:53:33.004+02:00 DEBUG 17844 --- [http-nio-8080-exec-6] org.hibernate.SQL                        : 
    [34mupdate[0m
        echipament 
    [34mset[0m
        nume=? 
    [34mwhere[0m
        echipament_id=?
2024-12-27T11:53:33.010+02:00 DEBUG 17844 --- [http-nio-8080-exec-6] o.s.w.s.m.m.a.HttpEntityMethodProcessor  : Using 'application/json', given [*/*] and supported [application/json, application/*+json]
2024-12-27T11:53:33.010+02:00 DEBUG 17844 --- [http-nio-8080-exec-6] o.s.w.s.m.m.a.HttpEntityMethodProcessor  : Writing [com.example.proiect.model.Echipament@683ccb05]
2024-12-27T11:53:33.011+02:00 DEBUG 17844 --- [http-nio-8080-exec-6] o.s.web.servlet.DispatcherServlet        : Completed 200 OK
2024-12-27T11:53:33.015+02:00 DEBUG 17844 --- [http-nio-8080-exec-4] o.s.web.servlet.DispatcherServlet        : GET "/api/sala", parameters={}
2024-12-27T11:53:33.015+02:00 DEBUG 17844 --- [http-nio-8080-exec-5] o.s.web.servlet.DispatcherServlet        : GET "/api/echipamente", parameters={}
2024-12-27T11:53:33.015+02:00 DEBUG 17844 --- [http-nio-8080-exec-3] o.s.web.servlet.DispatcherServlet        : GET "/api/furnizori", parameters={}
2024-12-27T11:53:33.015+02:00 DEBUG 17844 --- [http-nio-8080-exec-2] o.s.web.servlet.DispatcherServlet        : GET "/api/utilizatori", parameters={}
2024-12-27T11:53:33.015+02:00 DEBUG 17844 --- [http-nio-8080-exec-4] s.w.s.m.m.a.RequestMappingHandlerMapping : Mapped to com.example.proiect.controller.SalaController#getAllSale()
2024-12-27T11:53:33.015+02:00 DEBUG 17844 --- [http-nio-8080-exec-3] s.w.s.m.m.a.RequestMappingHandlerMapping : Mapped to com.example.proiect.controller.FurnizorController#getAllFurnizori()
2024-12-27T11:53:33.015+02:00 DEBUG 17844 --- [http-nio-8080-exec-2] s.w.s.m.m.a.RequestMappingHandlerMapping : Mapped to com.example.proiect.controller.UtilizatorController#getAllUtilizatori()
2024-12-27T11:53:33.015+02:00 DEBUG 17844 --- [http-nio-8080-exec-5] s.w.s.m.m.a.RequestMappingHandlerMapping : Mapped to com.example.proiect.controller.EchipamentController#getAllEchipamente()
2024-12-27T11:53:33.017+02:00 DEBUG 17844 --- [http-nio-8080-exec-4] org.hibernate.SQL                        : 
    [34mselect[0m
        s1_0.sala_id,
        s1_0.capacitate,
        s1_0.nume 
    [34mfrom[0m
        sala s1_0
2024-12-27T11:53:33.017+02:00 DEBUG 17844 --- [http-nio-8080-exec-2] org.hibernate.SQL                        : 
    [34mselect[0m
        u1_0.utilizator_id,
        u1_0.nume,
        u1_0.tip_utilizator 
    [34mfrom[0m
        utilizator u1_0
2024-12-27T11:53:33.017+02:00 DEBUG 17844 --- [http-nio-8080-exec-3] org.hibernate.SQL                        : 
    [34mselect[0m
        f1_0.furnizor_id,
        f1_0.adresa,
        f1_0.nume,
        f1_0.telefon 
    [34mfrom[0m
        furnizor f1_0
2024-12-27T11:53:33.017+02:00 DEBUG 17844 --- [http-nio-8080-exec-5] org.hibernate.SQL                        : 
    [34mselect[0m
        e1_0.echipament_id,
        e1_0.nume 
    [34mfrom[0m
        echipament e1_0
2024-12-27T11:53:33.020+02:00 DEBUG 17844 --- [http-nio-8080-exec-2] m.m.a.RequestResponseBodyMethodProcessor : Using 'application/json', given [*/*] and supported [application/json, application/*+json]
2024-12-27T11:53:33.020+02:00 DEBUG 17844 --- [http-nio-8080-exec-3] m.m.a.RequestResponseBodyMethodProcessor : Using 'application/json', given [*/*] and supported [application/json, application/*+json]
2024-12-27T11:53:33.020+02:00 DEBUG 17844 --- [http-nio-8080-exec-4] m.m.a.RequestResponseBodyMethodProcessor : Using 'application/json', given [*/*] and supported [application/json, application/*+json]
2024-12-27T11:53:33.020+02:00 DEBUG 17844 --- [http-nio-8080-exec-5] m.m.a.RequestResponseBodyMethodProcessor : Using 'application/json', given [*/*] and supported [application/json, application/*+json]
2024-12-27T11:53:33.020+02:00 DEBUG 17844 --- [http-nio-8080-exec-2] m.m.a.RequestResponseBodyMethodProcessor : Writing [[com.example.proiect.model.Utilizator@732f0e6e, com.example.proiect.model.Utilizator@5d7264d6, com.e (truncated)...]
2024-12-27T11:53:33.020+02:00 DEBUG 17844 --- [http-nio-8080-exec-3] m.m.a.RequestResponseBodyMethodProcessor : Writing [[com.example.proiect.model.Furnizor@ab5f7a6, com.example.proiect.model.Furnizor@7fb05d9c, com.exampl (truncated)...]
2024-12-27T11:53:33.020+02:00 DEBUG 17844 --- [http-nio-8080-exec-5] m.m.a.RequestResponseBodyMethodProcessor : Writing [[com.example.proiect.model.Echipament@5985102c, com.example.proiect.model.Echipament@4b1f426b, com.e (truncated)...]
2024-12-27T11:53:33.020+02:00 DEBUG 17844 --- [http-nio-8080-exec-4] m.m.a.RequestResponseBodyMethodProcessor : Writing [[com.example.proiect.model.Sala@2c11316e, com.example.proiect.model.Sala@70afc4a0, com.example.proie (truncated)...]
2024-12-27T11:53:33.021+02:00 DEBUG 17844 --- [http-nio-8080-exec-2] o.s.web.servlet.DispatcherServlet        : Completed 200 OK
2024-12-27T11:53:33.021+02:00 DEBUG 17844 --- [http-nio-8080-exec-3] o.s.web.servlet.DispatcherServlet        : Completed 200 OK
2024-12-27T11:53:33.021+02:00 DEBUG 17844 --- [http-nio-8080-exec-4] o.s.web.servlet.DispatcherServlet        : Completed 200 OK
2024-12-27T11:53:33.021+02:00 DEBUG 17844 --- [http-nio-8080-exec-5] o.s.web.servlet.DispatcherServlet        : Completed 200 OK
2024-12-27T11:53:35.606+02:00 DEBUG 17844 --- [http-nio-8080-exec-7] o.s.web.servlet.DispatcherServlet        : DELETE "/api/echipamente/34", parameters={}
2024-12-27T11:53:35.607+02:00 DEBUG 17844 --- [http-nio-8080-exec-7] s.w.s.m.m.a.RequestMappingHandlerMapping : Mapped to com.example.proiect.controller.EchipamentController#deleteEchipament(Integer)
2024-12-27T11:53:35.609+02:00 DEBUG 17844 --- [http-nio-8080-exec-7] org.hibernate.SQL                        : 
    [34mselect[0m
        e1_0.echipament_id,
        e1_0.nume 
    [34mfrom[0m
        echipament e1_0 
    [34mwhere[0m
        e1_0.echipament_id=?
2024-12-27T11:53:35.612+02:00 DEBUG 17844 --- [http-nio-8080-exec-7] org.hibernate.SQL                        : 
    [34mdelete[0m 
    [34mfrom[0m
        echipament 
    [34mwhere[0m
        echipament_id=?
2024-12-27T11:53:35.631+02:00 DEBUG 17844 --- [http-nio-8080-exec-7] o.s.w.s.m.m.a.HttpEntityMethodProcessor  : Using 'application/json', given [*/*] and supported [application/json, application/*+json]
2024-12-27T11:53:35.631+02:00 DEBUG 17844 --- [http-nio-8080-exec-7] o.s.w.s.m.m.a.HttpEntityMethodProcessor  : Nothing to write: null body
2024-12-27T11:53:35.632+02:00 DEBUG 17844 --- [http-nio-8080-exec-7] o.s.web.servlet.DispatcherServlet        : Completed 204 NO_CONTENT
2024-12-27T11:53:35.635+02:00 DEBUG 17844 --- [http-nio-8080-exec-10] o.s.web.servlet.DispatcherServlet        : GET "/api/sala", parameters={}
2024-12-27T11:53:35.635+02:00 DEBUG 17844 --- [http-nio-8080-exec-9] o.s.web.servlet.DispatcherServlet        : GET "/api/echipamente", parameters={}
2024-12-27T11:53:35.635+02:00 DEBUG 17844 --- [http-nio-8080-exec-8] o.s.web.servlet.DispatcherServlet        : GET "/api/utilizatori", parameters={}
2024-12-27T11:53:35.635+02:00 DEBUG 17844 --- [http-nio-8080-exec-1] o.s.web.servlet.DispatcherServlet        : GET "/api/furnizori", parameters={}
2024-12-27T11:53:35.636+02:00 DEBUG 17844 --- [http-nio-8080-exec-10] s.w.s.m.m.a.RequestMappingHandlerMapping : Mapped to com.example.proiect.controller.SalaController#getAllSale()
2024-12-27T11:53:35.636+02:00 DEBUG 17844 --- [http-nio-8080-exec-8] s.w.s.m.m.a.RequestMappingHandlerMapping : Mapped to com.example.proiect.controller.UtilizatorController#getAllUtilizatori()
2024-12-27T11:53:35.636+02:00 DEBUG 17844 --- [http-nio-8080-exec-1] s.w.s.m.m.a.RequestMappingHandlerMapping : Mapped to com.example.proiect.controller.FurnizorController#getAllFurnizori()
2024-12-27T11:53:35.636+02:00 DEBUG 17844 --- [http-nio-8080-exec-9] s.w.s.m.m.a.RequestMappingHandlerMapping : Mapped to com.example.proiect.controller.EchipamentController#getAllEchipamente()
2024-12-27T11:53:35.638+02:00 DEBUG 17844 --- [http-nio-8080-exec-10] org.hibernate.SQL                        : 
    [34mselect[0m
        s1_0.sala_id,
        s1_0.capacitate,
        s1_0.nume 
    [34mfrom[0m
        sala s1_0
2024-12-27T11:53:35.638+02:00 DEBUG 17844 --- [http-nio-8080-exec-9] org.hibernate.SQL                        : 
    [34mselect[0m
        e1_0.echipament_id,
        e1_0.nume 
    [34mfrom[0m
        echipament e1_0
2024-12-27T11:53:35.638+02:00 DEBUG 17844 --- [http-nio-8080-exec-1] org.hibernate.SQL                        : 
    [34mselect[0m
        f1_0.furnizor_id,
        f1_0.adresa,
        f1_0.nume,
        f1_0.telefon 
    [34mfrom[0m
        furnizor f1_0
2024-12-27T11:53:35.638+02:00 DEBUG 17844 --- [http-nio-8080-exec-8] org.hibernate.SQL                        : 
    [34mselect[0m
        u1_0.utilizator_id,
        u1_0.nume,
        u1_0.tip_utilizator 
    [34mfrom[0m
        utilizator u1_0
2024-12-27T11:53:35.641+02:00 DEBUG 17844 --- [http-nio-8080-exec-1] m.m.a.RequestResponseBodyMethodProcessor : Using 'application/json', given [*/*] and supported [application/json, application/*+json]
2024-12-27T11:53:35.641+02:00 DEBUG 17844 --- [http-nio-8080-exec-8] m.m.a.RequestResponseBodyMethodProcessor : Using 'application/json', given [*/*] and supported [application/json, application/*+json]
2024-12-27T11:53:35.641+02:00 DEBUG 17844 --- [http-nio-8080-exec-10] m.m.a.RequestResponseBodyMethodProcessor : Using 'application/json', given [*/*] and supported [application/json, application/*+json]
2024-12-27T11:53:35.641+02:00 DEBUG 17844 --- [http-nio-8080-exec-9] m.m.a.RequestResponseBodyMethodProcessor : Using 'application/json', given [*/*] and supported [application/json, application/*+json]
2024-12-27T11:53:35.641+02:00 DEBUG 17844 --- [http-nio-8080-exec-1] m.m.a.RequestResponseBodyMethodProcessor : Writing [[com.example.proiect.model.Furnizor@2f0a60d2, com.example.proiect.model.Furnizor@3d8d7320, com.examp (truncated)...]
2024-12-27T11:53:35.641+02:00 DEBUG 17844 --- [http-nio-8080-exec-8] m.m.a.RequestResponseBodyMethodProcessor : Writing [[com.example.proiect.model.Utilizator@135a8f25, com.example.proiect.model.Utilizator@998a9eb, com.ex (truncated)...]
2024-12-27T11:53:35.641+02:00 DEBUG 17844 --- [http-nio-8080-exec-10] m.m.a.RequestResponseBodyMethodProcessor : Writing [[com.example.proiect.model.Sala@16b8aaf2, com.example.proiect.model.Sala@6447bfbb, com.example.proie (truncated)...]
2024-12-27T11:53:35.641+02:00 DEBUG 17844 --- [http-nio-8080-exec-9] m.m.a.RequestResponseBodyMethodProcessor : Writing [[com.example.proiect.model.Echipament@2675b5c, com.example.proiect.model.Echipament@5d9cb0b3, com.ex (truncated)...]
2024-12-27T11:53:35.642+02:00 DEBUG 17844 --- [http-nio-8080-exec-10] o.s.web.servlet.DispatcherServlet        : Completed 200 OK
2024-12-27T11:53:35.642+02:00 DEBUG 17844 --- [http-nio-8080-exec-9] o.s.web.servlet.DispatcherServlet        : Completed 200 OK
2024-12-27T11:53:35.642+02:00 DEBUG 17844 --- [http-nio-8080-exec-8] o.s.web.servlet.DispatcherServlet        : Completed 200 OK
2024-12-27T11:53:35.642+02:00 DEBUG 17844 --- [http-nio-8080-exec-1] o.s.web.servlet.DispatcherServlet        : Completed 200 OK
2024-12-27T11:53:47.425+02:00 DEBUG 17844 --- [http-nio-8080-exec-6] o.s.web.servlet.DispatcherServlet        : POST "/api/furnizori", parameters={}
2024-12-27T11:53:47.425+02:00 DEBUG 17844 --- [http-nio-8080-exec-6] s.w.s.m.m.a.RequestMappingHandlerMapping : Mapped to com.example.proiect.controller.FurnizorController#addFurnizor(Furnizor)
2024-12-27T11:53:47.427+02:00 DEBUG 17844 --- [http-nio-8080-exec-6] m.m.a.RequestResponseBodyMethodProcessor : Read "application/json;charset=UTF-8" to [com.example.proiect.model.Furnizor@6130cc11]
2024-12-27T11:53:47.429+02:00 DEBUG 17844 --- [http-nio-8080-exec-6] org.hibernate.SQL                        : 
    [34minsert[0m 
    [34minto[0m
        furnizor
        (adresa, nume, telefon) 
    [34mvalues[0m
        (?, ?, ?)
2024-12-27T11:53:47.438+02:00 DEBUG 17844 --- [http-nio-8080-exec-6] o.s.w.s.m.m.a.HttpEntityMethodProcessor  : Using 'application/json', given [*/*] and supported [application/json, application/*+json]
2024-12-27T11:53:47.439+02:00 DEBUG 17844 --- [http-nio-8080-exec-6] o.s.w.s.m.m.a.HttpEntityMethodProcessor  : Writing [com.example.proiect.model.Furnizor@6130cc11]
2024-12-27T11:53:47.440+02:00 DEBUG 17844 --- [http-nio-8080-exec-6] o.s.web.servlet.DispatcherServlet        : Completed 201 CREATED
2024-12-27T11:53:47.443+02:00 DEBUG 17844 --- [http-nio-8080-exec-2] o.s.web.servlet.DispatcherServlet        : GET "/api/sala", parameters={}
2024-12-27T11:53:47.443+02:00 DEBUG 17844 --- [http-nio-8080-exec-4] o.s.web.servlet.DispatcherServlet        : GET "/api/echipamente", parameters={}
2024-12-27T11:53:47.443+02:00 DEBUG 17844 --- [http-nio-8080-exec-3] o.s.web.servlet.DispatcherServlet        : GET "/api/furnizori", parameters={}
2024-12-27T11:53:47.443+02:00 DEBUG 17844 --- [http-nio-8080-exec-5] o.s.web.servlet.DispatcherServlet        : GET "/api/utilizatori", parameters={}
2024-12-27T11:53:47.444+02:00 DEBUG 17844 --- [http-nio-8080-exec-2] s.w.s.m.m.a.RequestMappingHandlerMapping : Mapped to com.example.proiect.controller.SalaController#getAllSale()
2024-12-27T11:53:47.444+02:00 DEBUG 17844 --- [http-nio-8080-exec-3] s.w.s.m.m.a.RequestMappingHandlerMapping : Mapped to com.example.proiect.controller.FurnizorController#getAllFurnizori()
2024-12-27T11:53:47.444+02:00 DEBUG 17844 --- [http-nio-8080-exec-4] s.w.s.m.m.a.RequestMappingHandlerMapping : Mapped to com.example.proiect.controller.EchipamentController#getAllEchipamente()
2024-12-27T11:53:47.444+02:00 DEBUG 17844 --- [http-nio-8080-exec-5] s.w.s.m.m.a.RequestMappingHandlerMapping : Mapped to com.example.proiect.controller.UtilizatorController#getAllUtilizatori()
2024-12-27T11:53:47.446+02:00 DEBUG 17844 --- [http-nio-8080-exec-5] org.hibernate.SQL                        : 
    [34mselect[0m
        u1_0.utilizator_id,
        u1_0.nume,
        u1_0.tip_utilizator 
    [34mfrom[0m
        utilizator u1_0
2024-12-27T11:53:47.446+02:00 DEBUG 17844 --- [http-nio-8080-exec-2] org.hibernate.SQL                        : 
    [34mselect[0m
        s1_0.sala_id,
        s1_0.capacitate,
        s1_0.nume 
    [34mfrom[0m
        sala s1_0
2024-12-27T11:53:47.446+02:00 DEBUG 17844 --- [http-nio-8080-exec-3] org.hibernate.SQL                        : 
    [34mselect[0m
        f1_0.furnizor_id,
        f1_0.adresa,
        f1_0.nume,
        f1_0.telefon 
    [34mfrom[0m
        furnizor f1_0
2024-12-27T11:53:47.446+02:00 DEBUG 17844 --- [http-nio-8080-exec-4] org.hibernate.SQL                        : 
    [34mselect[0m
        e1_0.echipament_id,
        e1_0.nume 
    [34mfrom[0m
        echipament e1_0
2024-12-27T11:53:47.448+02:00 DEBUG 17844 --- [http-nio-8080-exec-5] m.m.a.RequestResponseBodyMethodProcessor : Using 'application/json', given [*/*] and supported [application/json, application/*+json]
2024-12-27T11:53:47.448+02:00 DEBUG 17844 --- [http-nio-8080-exec-2] m.m.a.RequestResponseBodyMethodProcessor : Using 'application/json', given [*/*] and supported [application/json, application/*+json]
2024-12-27T11:53:47.448+02:00 DEBUG 17844 --- [http-nio-8080-exec-3] m.m.a.RequestResponseBodyMethodProcessor : Using 'application/json', given [*/*] and supported [application/json, application/*+json]
2024-12-27T11:53:47.448+02:00 DEBUG 17844 --- [http-nio-8080-exec-4] m.m.a.RequestResponseBodyMethodProcessor : Using 'application/json', given [*/*] and supported [application/json, application/*+json]
2024-12-27T11:53:47.448+02:00 DEBUG 17844 --- [http-nio-8080-exec-5] m.m.a.RequestResponseBodyMethodProcessor : Writing [[com.example.proiect.model.Utilizator@5055c94d, com.example.proiect.model.Utilizator@33702563, com.e (truncated)...]
2024-12-27T11:53:47.448+02:00 DEBUG 17844 --- [http-nio-8080-exec-2] m.m.a.RequestResponseBodyMethodProcessor : Writing [[com.example.proiect.model.Sala@5714df33, com.example.proiect.model.Sala@386f5dc6, com.example.proie (truncated)...]
2024-12-27T11:53:47.448+02:00 DEBUG 17844 --- [http-nio-8080-exec-3] m.m.a.RequestResponseBodyMethodProcessor : Writing [[com.example.proiect.model.Furnizor@78499bc5, com.example.proiect.model.Furnizor@54776438, com.examp (truncated)...]
2024-12-27T11:53:47.448+02:00 DEBUG 17844 --- [http-nio-8080-exec-4] m.m.a.RequestResponseBodyMethodProcessor : Writing [[com.example.proiect.model.Echipament@34d59033, com.example.proiect.model.Echipament@74c7f585, com.e (truncated)...]
2024-12-27T11:53:47.449+02:00 DEBUG 17844 --- [http-nio-8080-exec-5] o.s.web.servlet.DispatcherServlet        : Completed 200 OK
2024-12-27T11:53:47.449+02:00 DEBUG 17844 --- [http-nio-8080-exec-4] o.s.web.servlet.DispatcherServlet        : Completed 200 OK
2024-12-27T11:53:47.449+02:00 DEBUG 17844 --- [http-nio-8080-exec-2] o.s.web.servlet.DispatcherServlet        : Completed 200 OK
2024-12-27T11:53:47.449+02:00 DEBUG 17844 --- [http-nio-8080-exec-3] o.s.web.servlet.DispatcherServlet        : Completed 200 OK
2024-12-27T11:53:51.499+02:00 DEBUG 17844 --- [http-nio-8080-exec-7] o.s.web.servlet.DispatcherServlet        : DELETE "/api/furnizori/18", parameters={}
2024-12-27T11:53:51.499+02:00 DEBUG 17844 --- [http-nio-8080-exec-7] s.w.s.m.m.a.RequestMappingHandlerMapping : Mapped to com.example.proiect.controller.FurnizorController#deleteFurnizor(Integer)
2024-12-27T11:53:51.502+02:00 DEBUG 17844 --- [http-nio-8080-exec-7] org.hibernate.SQL                        : 
    [34mselect[0m
        f1_0.furnizor_id,
        f1_0.adresa,
        f1_0.nume,
        f1_0.telefon 
    [34mfrom[0m
        furnizor f1_0 
    [34mwhere[0m
        f1_0.furnizor_id=?
2024-12-27T11:53:51.506+02:00 DEBUG 17844 --- [http-nio-8080-exec-7] org.hibernate.SQL                        : 
    [34mdelete[0m 
    [34mfrom[0m
        furnizor 
    [34mwhere[0m
        furnizor_id=?
2024-12-27T11:53:51.520+02:00 DEBUG 17844 --- [http-nio-8080-exec-7] o.s.w.s.m.m.a.HttpEntityMethodProcessor  : Using 'application/json', given [*/*] and supported [application/json, application/*+json]
2024-12-27T11:53:51.520+02:00 DEBUG 17844 --- [http-nio-8080-exec-7] o.s.w.s.m.m.a.HttpEntityMethodProcessor  : Nothing to write: null body
2024-12-27T11:53:51.520+02:00 DEBUG 17844 --- [http-nio-8080-exec-7] o.s.web.servlet.DispatcherServlet        : Completed 204 NO_CONTENT
2024-12-27T11:53:51.524+02:00 DEBUG 17844 --- [http-nio-8080-exec-10] o.s.web.servlet.DispatcherServlet        : GET "/api/sala", parameters={}
2024-12-27T11:53:51.524+02:00 DEBUG 17844 --- [http-nio-8080-exec-9] o.s.web.servlet.DispatcherServlet        : GET "/api/echipamente", parameters={}
2024-12-27T11:53:51.524+02:00 DEBUG 17844 --- [http-nio-8080-exec-8] o.s.web.servlet.DispatcherServlet        : GET "/api/furnizori", parameters={}
2024-12-27T11:53:51.524+02:00 DEBUG 17844 --- [http-nio-8080-exec-1] o.s.web.servlet.DispatcherServlet        : GET "/api/utilizatori", parameters={}
2024-12-27T11:53:51.525+02:00 DEBUG 17844 --- [http-nio-8080-exec-9] s.w.s.m.m.a.RequestMappingHandlerMapping : Mapped to com.example.proiect.controller.EchipamentController#getAllEchipamente()
2024-12-27T11:53:51.525+02:00 DEBUG 17844 --- [http-nio-8080-exec-8] s.w.s.m.m.a.RequestMappingHandlerMapping : Mapped to com.example.proiect.controller.FurnizorController#getAllFurnizori()
2024-12-27T11:53:51.525+02:00 DEBUG 17844 --- [http-nio-8080-exec-10] s.w.s.m.m.a.RequestMappingHandlerMapping : Mapped to com.example.proiect.controller.SalaController#getAllSale()
2024-12-27T11:53:51.525+02:00 DEBUG 17844 --- [http-nio-8080-exec-1] s.w.s.m.m.a.RequestMappingHandlerMapping : Mapped to com.example.proiect.controller.UtilizatorController#getAllUtilizatori()
2024-12-27T11:53:51.527+02:00 DEBUG 17844 --- [http-nio-8080-exec-9] org.hibernate.SQL                        : 
    [34mselect[0m
        e1_0.echipament_id,
        e1_0.nume 
    [34mfrom[0m
        echipament e1_0
2024-12-27T11:53:51.527+02:00 DEBUG 17844 --- [http-nio-8080-exec-10] org.hibernate.SQL                        : 
    [34mselect[0m
        s1_0.sala_id,
        s1_0.capacitate,
        s1_0.nume 
    [34mfrom[0m
        sala s1_0
2024-12-27T11:53:51.527+02:00 DEBUG 17844 --- [http-nio-8080-exec-8] org.hibernate.SQL                        : 
    [34mselect[0m
        f1_0.furnizor_id,
        f1_0.adresa,
        f1_0.nume,
        f1_0.telefon 
    [34mfrom[0m
        furnizor f1_0
2024-12-27T11:53:51.527+02:00 DEBUG 17844 --- [http-nio-8080-exec-1] org.hibernate.SQL                        : 
    [34mselect[0m
        u1_0.utilizator_id,
        u1_0.nume,
        u1_0.tip_utilizator 
    [34mfrom[0m
        utilizator u1_0
2024-12-27T11:53:51.530+02:00 DEBUG 17844 --- [http-nio-8080-exec-9] m.m.a.RequestResponseBodyMethodProcessor : Using 'application/json', given [*/*] and supported [application/json, application/*+json]
2024-12-27T11:53:51.530+02:00 DEBUG 17844 --- [http-nio-8080-exec-10] m.m.a.RequestResponseBodyMethodProcessor : Using 'application/json', given [*/*] and supported [application/json, application/*+json]
2024-12-27T11:53:51.530+02:00 DEBUG 17844 --- [http-nio-8080-exec-8] m.m.a.RequestResponseBodyMethodProcessor : Using 'application/json', given [*/*] and supported [application/json, application/*+json]
2024-12-27T11:53:51.530+02:00 DEBUG 17844 --- [http-nio-8080-exec-1] m.m.a.RequestResponseBodyMethodProcessor : Using 'application/json', given [*/*] and supported [application/json, application/*+json]
2024-12-27T11:53:51.530+02:00 DEBUG 17844 --- [http-nio-8080-exec-10] m.m.a.RequestResponseBodyMethodProcessor : Writing [[com.example.proiect.model.Sala@61e24335, com.example.proiect.model.Sala@112eabd0, com.example.proie (truncated)...]
2024-12-27T11:53:51.530+02:00 DEBUG 17844 --- [http-nio-8080-exec-9] m.m.a.RequestResponseBodyMethodProcessor : Writing [[com.example.proiect.model.Echipament@54d3ab78, com.example.proiect.model.Echipament@6f07cd0f, com.e (truncated)...]
2024-12-27T11:53:51.530+02:00 DEBUG 17844 --- [http-nio-8080-exec-8] m.m.a.RequestResponseBodyMethodProcessor : Writing [[com.example.proiect.model.Furnizor@6940c160, com.example.proiect.model.Furnizor@1eac507d, com.examp (truncated)...]
2024-12-27T11:53:51.530+02:00 DEBUG 17844 --- [http-nio-8080-exec-1] m.m.a.RequestResponseBodyMethodProcessor : Writing [[com.example.proiect.model.Utilizator@105cbcf1, com.example.proiect.model.Utilizator@7576d00a, com.e (truncated)...]
2024-12-27T11:53:51.531+02:00 DEBUG 17844 --- [http-nio-8080-exec-10] o.s.web.servlet.DispatcherServlet        : Completed 200 OK
2024-12-27T11:53:51.531+02:00 DEBUG 17844 --- [http-nio-8080-exec-9] o.s.web.servlet.DispatcherServlet        : Completed 200 OK
2024-12-27T11:53:51.531+02:00 DEBUG 17844 --- [http-nio-8080-exec-8] o.s.web.servlet.DispatcherServlet        : Completed 200 OK
2024-12-27T11:53:51.531+02:00 DEBUG 17844 --- [http-nio-8080-exec-1] o.s.web.servlet.DispatcherServlet        : Completed 200 OK
2024-12-27T11:53:57.749+02:00 DEBUG 17844 --- [http-nio-8080-exec-6] o.s.web.servlet.DispatcherServlet        : POST "/api/utilizatori", parameters={}
2024-12-27T11:53:57.750+02:00 DEBUG 17844 --- [http-nio-8080-exec-6] s.w.s.m.m.a.RequestMappingHandlerMapping : Mapped to com.example.proiect.controller.UtilizatorController#addUtilizator(Utilizator)
2024-12-27T11:53:57.751+02:00 DEBUG 17844 --- [http-nio-8080-exec-6] m.m.a.RequestResponseBodyMethodProcessor : Read "application/json;charset=UTF-8" to [com.example.proiect.model.Utilizator@30d1e658]
2024-12-27T11:53:57.753+02:00 DEBUG 17844 --- [http-nio-8080-exec-6] org.hibernate.SQL                        : 
    [34minsert[0m 
    [34minto[0m
        utilizator
        (nume, tip_utilizator) 
    [34mvalues[0m
        (?, ?)
2024-12-27T11:53:57.759+02:00 DEBUG 17844 --- [http-nio-8080-exec-6] o.s.w.s.m.m.a.HttpEntityMethodProcessor  : Using 'application/json', given [*/*] and supported [application/json, application/*+json]
2024-12-27T11:53:57.759+02:00 DEBUG 17844 --- [http-nio-8080-exec-6] o.s.w.s.m.m.a.HttpEntityMethodProcessor  : Writing [com.example.proiect.model.Utilizator@30d1e658]
2024-12-27T11:53:57.760+02:00 DEBUG 17844 --- [http-nio-8080-exec-6] o.s.web.servlet.DispatcherServlet        : Completed 201 CREATED
2024-12-27T11:53:57.763+02:00 DEBUG 17844 --- [http-nio-8080-exec-2] o.s.web.servlet.DispatcherServlet        : GET "/api/echipamente", parameters={}
2024-12-27T11:53:57.763+02:00 DEBUG 17844 --- [http-nio-8080-exec-4] o.s.web.servlet.DispatcherServlet        : GET "/api/sala", parameters={}
2024-12-27T11:53:57.763+02:00 DEBUG 17844 --- [http-nio-8080-exec-5] o.s.web.servlet.DispatcherServlet        : GET "/api/utilizatori", parameters={}
2024-12-27T11:53:57.763+02:00 DEBUG 17844 --- [http-nio-8080-exec-3] o.s.web.servlet.DispatcherServlet        : GET "/api/furnizori", parameters={}
2024-12-27T11:53:57.764+02:00 DEBUG 17844 --- [http-nio-8080-exec-3] s.w.s.m.m.a.RequestMappingHandlerMapping : Mapped to com.example.proiect.controller.FurnizorController#getAllFurnizori()
2024-12-27T11:53:57.764+02:00 DEBUG 17844 --- [http-nio-8080-exec-4] s.w.s.m.m.a.RequestMappingHandlerMapping : Mapped to com.example.proiect.controller.SalaController#getAllSale()
2024-12-27T11:53:57.764+02:00 DEBUG 17844 --- [http-nio-8080-exec-5] s.w.s.m.m.a.RequestMappingHandlerMapping : Mapped to com.example.proiect.controller.UtilizatorController#getAllUtilizatori()
2024-12-27T11:53:57.764+02:00 DEBUG 17844 --- [http-nio-8080-exec-2] s.w.s.m.m.a.RequestMappingHandlerMapping : Mapped to com.example.proiect.controller.EchipamentController#getAllEchipamente()
2024-12-27T11:53:57.765+02:00 DEBUG 17844 --- [http-nio-8080-exec-2] org.hibernate.SQL                        : 
    [34mselect[0m
        e1_0.echipament_id,
        e1_0.nume 
    [34mfrom[0m
        echipament e1_0
2024-12-27T11:53:57.765+02:00 DEBUG 17844 --- [http-nio-8080-exec-5] org.hibernate.SQL                        : 
    [34mselect[0m
        u1_0.utilizator_id,
        u1_0.nume,
        u1_0.tip_utilizator 
    [34mfrom[0m
        utilizator u1_0
2024-12-27T11:53:57.765+02:00 DEBUG 17844 --- [http-nio-8080-exec-4] org.hibernate.SQL                        : 
    [34mselect[0m
        s1_0.sala_id,
        s1_0.capacitate,
        s1_0.nume 
    [34mfrom[0m
        sala s1_0
2024-12-27T11:53:57.765+02:00 DEBUG 17844 --- [http-nio-8080-exec-3] org.hibernate.SQL                        : 
    [34mselect[0m
        f1_0.furnizor_id,
        f1_0.adresa,
        f1_0.nume,
        f1_0.telefon 
    [34mfrom[0m
        furnizor f1_0
2024-12-27T11:53:57.767+02:00 DEBUG 17844 --- [http-nio-8080-exec-4] m.m.a.RequestResponseBodyMethodProcessor : Using 'application/json', given [*/*] and supported [application/json, application/*+json]
2024-12-27T11:53:57.767+02:00 DEBUG 17844 --- [http-nio-8080-exec-5] m.m.a.RequestResponseBodyMethodProcessor : Using 'application/json', given [*/*] and supported [application/json, application/*+json]
2024-12-27T11:53:57.767+02:00 DEBUG 17844 --- [http-nio-8080-exec-3] m.m.a.RequestResponseBodyMethodProcessor : Using 'application/json', given [*/*] and supported [application/json, application/*+json]
2024-12-27T11:53:57.767+02:00 DEBUG 17844 --- [http-nio-8080-exec-2] m.m.a.RequestResponseBodyMethodProcessor : Using 'application/json', given [*/*] and supported [application/json, application/*+json]
2024-12-27T11:53:57.767+02:00 DEBUG 17844 --- [http-nio-8080-exec-4] m.m.a.RequestResponseBodyMethodProcessor : Writing [[com.example.proiect.model.Sala@3c35bed5, com.example.proiect.model.Sala@555d282f, com.example.proie (truncated)...]
2024-12-27T11:53:57.767+02:00 DEBUG 17844 --- [http-nio-8080-exec-3] m.m.a.RequestResponseBodyMethodProcessor : Writing [[com.example.proiect.model.Furnizor@f46f0de, com.example.proiect.model.Furnizor@fc5ddc, com.example. (truncated)...]
2024-12-27T11:53:57.767+02:00 DEBUG 17844 --- [http-nio-8080-exec-2] m.m.a.RequestResponseBodyMethodProcessor : Writing [[com.example.proiect.model.Echipament@17e8262a, com.example.proiect.model.Echipament@65e39fee, com.e (truncated)...]
2024-12-27T11:53:57.767+02:00 DEBUG 17844 --- [http-nio-8080-exec-5] m.m.a.RequestResponseBodyMethodProcessor : Writing [[com.example.proiect.model.Utilizator@43bbc199, com.example.proiect.model.Utilizator@1b81b5fe, com.e (truncated)...]
2024-12-27T11:53:57.768+02:00 DEBUG 17844 --- [http-nio-8080-exec-3] o.s.web.servlet.DispatcherServlet        : Completed 200 OK
2024-12-27T11:53:57.768+02:00 DEBUG 17844 --- [http-nio-8080-exec-4] o.s.web.servlet.DispatcherServlet        : Completed 200 OK
2024-12-27T11:53:57.768+02:00 DEBUG 17844 --- [http-nio-8080-exec-2] o.s.web.servlet.DispatcherServlet        : Completed 200 OK
2024-12-27T11:53:57.768+02:00 DEBUG 17844 --- [http-nio-8080-exec-5] o.s.web.servlet.DispatcherServlet        : Completed 200 OK
2024-12-27T11:54:01.549+02:00 DEBUG 17844 --- [http-nio-8080-exec-6] o.s.web.servlet.DispatcherServlet        : DELETE "/api/utilizatori/16", parameters={}
2024-12-27T11:54:01.549+02:00 DEBUG 17844 --- [http-nio-8080-exec-6] s.w.s.m.m.a.RequestMappingHandlerMapping : Mapped to com.example.proiect.controller.UtilizatorController#deleteUtilizator(Integer)
2024-12-27T11:54:01.552+02:00 DEBUG 17844 --- [http-nio-8080-exec-6] org.hibernate.SQL                        : 
    [34mselect[0m
        u1_0.utilizator_id,
        u1_0.nume,
        u1_0.tip_utilizator 
    [34mfrom[0m
        utilizator u1_0 
    [34mwhere[0m
        u1_0.utilizator_id=?
2024-12-27T11:54:01.555+02:00 DEBUG 17844 --- [http-nio-8080-exec-6] org.hibernate.SQL                        : 
    [34mdelete[0m 
    [34mfrom[0m
        utilizator 
    [34mwhere[0m
        utilizator_id=?
2024-12-27T11:54:01.559+02:00 DEBUG 17844 --- [http-nio-8080-exec-6] o.s.w.s.m.m.a.HttpEntityMethodProcessor  : Using 'application/json', given [*/*] and supported [application/json, application/*+json]
2024-12-27T11:54:01.559+02:00 DEBUG 17844 --- [http-nio-8080-exec-6] o.s.w.s.m.m.a.HttpEntityMethodProcessor  : Nothing to write: null body
2024-12-27T11:54:01.559+02:00 DEBUG 17844 --- [http-nio-8080-exec-6] o.s.web.servlet.DispatcherServlet        : Completed 204 NO_CONTENT
2024-12-27T11:54:01.563+02:00 DEBUG 17844 --- [http-nio-8080-exec-4] o.s.web.servlet.DispatcherServlet        : GET "/api/sala", parameters={}
2024-12-27T11:54:01.563+02:00 DEBUG 17844 --- [http-nio-8080-exec-2] o.s.web.servlet.DispatcherServlet        : GET "/api/furnizori", parameters={}
2024-12-27T11:54:01.563+02:00 DEBUG 17844 --- [http-nio-8080-exec-4] s.w.s.m.m.a.RequestMappingHandlerMapping : Mapped to com.example.proiect.controller.SalaController#getAllSale()
2024-12-27T11:54:01.563+02:00 DEBUG 17844 --- [http-nio-8080-exec-5] o.s.web.servlet.DispatcherServlet        : GET "/api/utilizatori", parameters={}
2024-12-27T11:54:01.563+02:00 DEBUG 17844 --- [http-nio-8080-exec-3] o.s.web.servlet.DispatcherServlet        : GET "/api/echipamente", parameters={}
2024-12-27T11:54:01.563+02:00 DEBUG 17844 --- [http-nio-8080-exec-2] s.w.s.m.m.a.RequestMappingHandlerMapping : Mapped to com.example.proiect.controller.FurnizorController#getAllFurnizori()
2024-12-27T11:54:01.563+02:00 DEBUG 17844 --- [http-nio-8080-exec-5] s.w.s.m.m.a.RequestMappingHandlerMapping : Mapped to com.example.proiect.controller.UtilizatorController#getAllUtilizatori()
2024-12-27T11:54:01.563+02:00 DEBUG 17844 --- [http-nio-8080-exec-3] s.w.s.m.m.a.RequestMappingHandlerMapping : Mapped to com.example.proiect.controller.EchipamentController#getAllEchipamente()
2024-12-27T11:54:01.565+02:00 DEBUG 17844 --- [http-nio-8080-exec-2] org.hibernate.SQL                        : 
    [34mselect[0m
        f1_0.furnizor_id,
        f1_0.adresa,
        f1_0.nume,
        f1_0.telefon 
    [34mfrom[0m
        furnizor f1_0
2024-12-27T11:54:01.565+02:00 DEBUG 17844 --- [http-nio-8080-exec-5] org.hibernate.SQL                        : 
    [34mselect[0m
        u1_0.utilizator_id,
        u1_0.nume,
        u1_0.tip_utilizator 
    [34mfrom[0m
        utilizator u1_0
2024-12-27T11:54:01.565+02:00 DEBUG 17844 --- [http-nio-8080-exec-4] org.hibernate.SQL                        : 
    [34mselect[0m
        s1_0.sala_id,
        s1_0.capacitate,
        s1_0.nume 
    [34mfrom[0m
        sala s1_0
2024-12-27T11:54:01.565+02:00 DEBUG 17844 --- [http-nio-8080-exec-3] org.hibernate.SQL                        : 
    [34mselect[0m
        e1_0.echipament_id,
        e1_0.nume 
    [34mfrom[0m
        echipament e1_0
2024-12-27T11:54:01.567+02:00 DEBUG 17844 --- [http-nio-8080-exec-4] m.m.a.RequestResponseBodyMethodProcessor : Using 'application/json', given [*/*] and supported [application/json, application/*+json]
2024-12-27T11:54:01.567+02:00 DEBUG 17844 --- [http-nio-8080-exec-3] m.m.a.RequestResponseBodyMethodProcessor : Using 'application/json', given [*/*] and supported [application/json, application/*+json]
2024-12-27T11:54:01.567+02:00 DEBUG 17844 --- [http-nio-8080-exec-5] m.m.a.RequestResponseBodyMethodProcessor : Using 'application/json', given [*/*] and supported [application/json, application/*+json]
2024-12-27T11:54:01.567+02:00 DEBUG 17844 --- [http-nio-8080-exec-2] m.m.a.RequestResponseBodyMethodProcessor : Using 'application/json', given [*/*] and supported [application/json, application/*+json]
2024-12-27T11:54:01.567+02:00 DEBUG 17844 --- [http-nio-8080-exec-4] m.m.a.RequestResponseBodyMethodProcessor : Writing [[com.example.proiect.model.Sala@434aca1c, com.example.proiect.model.Sala@30d71fa5, com.example.proie (truncated)...]
2024-12-27T11:54:01.567+02:00 DEBUG 17844 --- [http-nio-8080-exec-3] m.m.a.RequestResponseBodyMethodProcessor : Writing [[com.example.proiect.model.Echipament@654295b0, com.example.proiect.model.Echipament@4d864ed7, com.e (truncated)...]
2024-12-27T11:54:01.567+02:00 DEBUG 17844 --- [http-nio-8080-exec-5] m.m.a.RequestResponseBodyMethodProcessor : Writing [[com.example.proiect.model.Utilizator@28255f0b, com.example.proiect.model.Utilizator@1c2e7fdd, com.e (truncated)...]
2024-12-27T11:54:01.567+02:00 DEBUG 17844 --- [http-nio-8080-exec-2] m.m.a.RequestResponseBodyMethodProcessor : Writing [[com.example.proiect.model.Furnizor@69ecece7, com.example.proiect.model.Furnizor@2e703484, com.examp (truncated)...]
2024-12-27T11:54:01.568+02:00 DEBUG 17844 --- [http-nio-8080-exec-5] o.s.web.servlet.DispatcherServlet        : Completed 200 OK
2024-12-27T11:54:01.568+02:00 DEBUG 17844 --- [http-nio-8080-exec-3] o.s.web.servlet.DispatcherServlet        : Completed 200 OK
2024-12-27T11:54:01.568+02:00 DEBUG 17844 --- [http-nio-8080-exec-2] o.s.web.servlet.DispatcherServlet        : Completed 200 OK
2024-12-27T11:54:01.568+02:00 DEBUG 17844 --- [http-nio-8080-exec-4] o.s.web.servlet.DispatcherServlet        : Completed 200 OK
2024-12-27T11:54:05.959+02:00  INFO 17844 --- [SpringApplicationShutdownHook] j.LocalContainerEntityManagerFactoryBean : Closing JPA EntityManagerFactory for persistence unit 'default'
2024-12-27T11:54:05.960+02:00  INFO 17844 --- [SpringApplicationShutdownHook] com.zaxxer.hikari.HikariDataSource       : HikariPool-1 - Shutdown initiated...
2024-12-27T11:54:05.963+02:00  INFO 17844 --- [SpringApplicationShutdownHook] com.zaxxer.hikari.HikariDataSource       : HikariPool-1 - Shutdown completed.
